# JRE version: Java(TM) SE Runtime Environment (8.0_231-b11) (build 1.8.0_231-b11)
# Java VM: Java HotSpot(TM) 64-Bit Server VM (25.231-b11 mixed mode windows-amd64 compressed oops)
Heap:
 PSYoungGen      total 190464K, used 176362K [0x00000000d5f80000, 0x00000000e4b80000, 0x0000000100000000)
  eden space 179200K, 98% used [0x00000000d5f80000,0x00000000e0bbabf0,0x00000000e0e80000)
  from space 11264K, 0% used [0x00000000e1900000,0x00000000e1900000,0x00000000e2400000)
  to   space 10752K, 0% used [0x00000000e0e80000,0x00000000e0e80000,0x00000000e1900000)
 ParOldGen       total 79360K, used 11947K [0x0000000081e00000, 0x0000000086b80000, 0x00000000d5f80000)
  object space 79360K, 15% used [0x0000000081e00000,0x00000000829aacd0,0x0000000086b80000)
 Metaspace       used 45699K, capacity 48478K, committed 48680K, reserved 1091584K
  class space    used 6196K, capacity 6679K, committed 6696K, reserved 1048576K
GC Heap History (10 events):
Event: 2.589 GC heap before
{Heap before GC invocations=6 (full 1):
 PSYoungGen      total 71680K, used 5107K [0x00000000d5f80000, 0x00000000df180000, 0x0000000100000000)
  eden space 66560K, 0% used [0x00000000d5f80000,0x00000000d5f80000,0x00000000da080000)
  from space 5120K, 99% used [0x00000000da080000,0x00000000da57cd50,0x00000000da580000)
  to   space 8192K, 0% used [0x00000000de980000,0x00000000de980000,0x00000000df180000)
 ParOldGen       total 87552K, used 6632K [0x0000000081e00000, 0x0000000087380000, 0x00000000d5f80000)
  object space 87552K, 7% used [0x0000000081e00000,0x000000008247a1e0,0x0000000087380000)
 Metaspace       used 20609K, capacity 21228K, committed 21296K, reserved 1067008K
  class space    used 2751K, capacity 2939K, committed 2944K, reserved 1048576K
Event: 2.626 GC heap after
Heap after GC invocations=6 (full 1):
 PSYoungGen      total 71680K, used 0K [0x00000000d5f80000, 0x00000000df180000, 0x0000000100000000)
  eden space 66560K, 0% used [0x00000000d5f80000,0x00000000d5f80000,0x00000000da080000)
  from space 5120K, 0% used [0x00000000da080000,0x00000000da080000,0x00000000da580000)
  to   space 8192K, 0% used [0x00000000de980000,0x00000000de980000,0x00000000df180000)
 ParOldGen       total 54272K, used 7494K [0x0000000081e00000, 0x0000000085300000, 0x00000000d5f80000)
  object space 54272K, 13% used [0x0000000081e00000,0x0000000082551908,0x0000000085300000)
 Metaspace       used 20608K, capacity 21222K, committed 21296K, reserved 1067008K
  class space    used 2751K, capacity 2938K, committed 2944K, reserved 1048576K
}
Event: 3.189 GC heap before
{Heap before GC invocations=7 (full 1):
 PSYoungGen      total 71680K, used 66560K [0x00000000d5f80000, 0x00000000df180000, 0x0000000100000000)
  eden space 66560K, 100% used [0x00000000d5f80000,0x00000000da080000,0x00000000da080000)
  from space 5120K, 0% used [0x00000000da080000,0x00000000da080000,0x00000000da580000)
  to   space 8192K, 0% used [0x00000000de980000,0x00000000de980000,0x00000000df180000)
 ParOldGen       total 54272K, used 7494K [0x0000000081e00000, 0x0000000085300000, 0x00000000d5f80000)
  object space 54272K, 13% used [0x0000000081e00000,0x0000000082551908,0x0000000085300000)
 Metaspace       used 24465K, capacity 25408K, committed 25600K, reserved 1071104K
  class space    used 3268K, capacity 3513K, committed 3584K, reserved 1048576K
Event: 3.195 GC heap after
Heap after GC invocations=7 (full 1):
 PSYoungGen      total 116736K, used 5671K [0x00000000d5f80000, 0x00000000def80000, 0x0000000100000000)
  eden space 110592K, 0% used [0x00000000d5f80000,0x00000000d5f80000,0x00000000dcb80000)
  from space 6144K, 92% used [0x00000000de980000,0x00000000def09dc8,0x00000000def80000)
  to   space 8192K, 0% used [0x00000000ddf80000,0x00000000ddf80000,0x00000000de780000)
 ParOldGen       total 54272K, used 7502K [0x0000000081e00000, 0x0000000085300000, 0x00000000d5f80000)
  object space 54272K, 13% used [0x0000000081e00000,0x0000000082553908,0x0000000085300000)
 Metaspace       used 24465K, capacity 25408K, committed 25600K, reserved 1071104K
  class space    used 3268K, capacity 3513K, committed 3584K, reserved 1048576K
}
Event: 4.648 GC heap before
{Heap before GC invocations=8 (full 1):
 PSYoungGen      total 116736K, used 116263K [0x00000000d5f80000, 0x00000000def80000, 0x0000000100000000)
  eden space 110592K, 100% used [0x00000000d5f80000,0x00000000dcb80000,0x00000000dcb80000)
  from space 6144K, 92% used [0x00000000de980000,0x00000000def09dc8,0x00000000def80000)
  to   space 8192K, 0% used [0x00000000ddf80000,0x00000000ddf80000,0x00000000de780000)
 ParOldGen       total 54272K, used 7502K [0x0000000081e00000, 0x0000000085300000, 0x00000000d5f80000)
  object space 54272K, 13% used [0x0000000081e00000,0x0000000082553908,0x0000000085300000)
 Metaspace       used 32476K, capacity 34132K, committed 34432K, reserved 1079296K
  class space    used 4295K, capacity 4623K, committed 4736K, reserved 1048576K
Event: 4.662 GC heap after
Heap after GC invocations=8 (full 1):
 PSYoungGen      total 139264K, used 8182K [0x00000000d5f80000, 0x00000000e2400000, 0x0000000100000000)
  eden space 131072K, 0% used [0x00000000d5f80000,0x00000000d5f80000,0x00000000ddf80000)
  from space 8192K, 99% used [0x00000000ddf80000,0x00000000de77d810,0x00000000de780000)
  to   space 11264K, 0% used [0x00000000e1900000,0x00000000e1900000,0x00000000e2400000)
 ParOldGen       total 54272K, used 11906K [0x0000000081e00000, 0x0000000085300000, 0x00000000d5f80000)
  object space 54272K, 21% used [0x0000000081e00000,0x00000000829a0b48,0x0000000085300000)
 Metaspace       used 32476K, capacity 34132K, committed 34432K, reserved 1079296K
  class space    used 4295K, capacity 4623K, committed 4736K, reserved 1048576K
}
Event: 4.811 GC heap before
{Heap before GC invocations=9 (full 1):
 PSYoungGen      total 139264K, used 22079K [0x00000000d5f80000, 0x00000000e2400000, 0x0000000100000000)
  eden space 131072K, 10% used [0x00000000d5f80000,0x00000000d6d12698,0x00000000ddf80000)
  from space 8192K, 99% used [0x00000000ddf80000,0x00000000de77d810,0x00000000de780000)
  to   space 11264K, 0% used [0x00000000e1900000,0x00000000e1900000,0x00000000e2400000)
 ParOldGen       total 54272K, used 11906K [0x0000000081e00000, 0x0000000085300000, 0x00000000d5f80000)
  object space 54272K, 21% used [0x0000000081e00000,0x00000000829a0b48,0x0000000085300000)
 Metaspace       used 33732K, capacity 35366K, committed 35496K, reserved 1079296K
  class space    used 4443K, capacity 4754K, committed 4776K, reserved 1048576K
Event: 4.820 GC heap after
Heap after GC invocations=9 (full 1):
 PSYoungGen      total 190464K, used 6794K [0x00000000d5f80000, 0x00000000e4b80000, 0x0000000100000000)
  eden space 179200K, 0% used [0x00000000d5f80000,0x00000000d5f80000,0x00000000e0e80000)
  from space 11264K, 60% used [0x00000000e1900000,0x00000000e1fa2ad8,0x00000000e2400000)
  to   space 10752K, 0% used [0x00000000e0e80000,0x00000000e0e80000,0x00000000e1900000)
 ParOldGen       total 54272K, used 11914K [0x0000000081e00000, 0x0000000085300000, 0x00000000d5f80000)
  object space 54272K, 21% used [0x0000000081e00000,0x00000000829a2b48,0x0000000085300000)
 Metaspace       used 33732K, capacity 35366K, committed 35496K, reserved 1079296K
  class space    used 4443K, capacity 4754K, committed 4776K, reserved 1048576K
}
Event: 4.820 GC heap before
{Heap before GC invocations=10 (full 2):
 PSYoungGen      total 190464K, used 6794K [0x00000000d5f80000, 0x00000000e4b80000, 0x0000000100000000)
  eden space 179200K, 0% used [0x00000000d5f80000,0x00000000d5f80000,0x00000000e0e80000)
  from space 11264K, 60% used [0x00000000e1900000,0x00000000e1fa2ad8,0x00000000e2400000)
  to   space 10752K, 0% used [0x00000000e0e80000,0x00000000e0e80000,0x00000000e1900000)
 ParOldGen       total 54272K, used 11914K [0x0000000081e00000, 0x0000000085300000, 0x00000000d5f80000)
  object space 54272K, 21% used [0x0000000081e00000,0x00000000829a2b48,0x0000000085300000)
 Metaspace       used 33732K, capacity 35366K, committed 35496K, reserved 1079296K
  class space    used 4443K, capacity 4754K, committed 4776K, reserved 1048576K
Event: 4.896 GC heap after
Heap after GC invocations=10 (full 2):
 PSYoungGen      total 190464K, used 0K [0x00000000d5f80000, 0x00000000e4b80000, 0x0000000100000000)
  eden space 179200K, 0% used [0x00000000d5f80000,0x00000000d5f80000,0x00000000e0e80000)
  from space 11264K, 0% used [0x00000000e1900000,0x00000000e1900000,0x00000000e2400000)
  to   space 10752K, 0% used [0x00000000e0e80000,0x00000000e0e80000,0x00000000e1900000)
 ParOldGen       total 79360K, used 11947K [0x0000000081e00000, 0x0000000086b80000, 0x00000000d5f80000)
  object space 79360K, 15% used [0x0000000081e00000,0x00000000829aacd0,0x0000000086b80000)
 Metaspace       used 33732K, capacity 35366K, committed 35496K, reserved 1079296K
  class space    used 4443K, capacity 4754K, committed 4776K, reserved 1048576K
}

